Making install in srclib
make[1]: Entering directory '/home/webwas/education/httpd-2.4.60-template/httpd-2.4.60/srclib'
Making install in apr
make[2]: Entering directory '/home/webwas/education/httpd-2.4.60-template/httpd-2.4.60/srclib/apr-1.7.0'
make[3]: Entering directory '/home/webwas/education/httpd-2.4.60-template/httpd-2.4.60/srclib/apr-1.7.0'
make[3]: Nothing to be done for 'local-all'.
make[3]: Leaving directory '/home/webwas/education/httpd-2.4.60-template/httpd-2.4.60/srclib/apr-1.7.0'
/home/webwas/education/httpd-2.4.60-template/httpd-2.4.60/srclib/apr/build/mkdir.sh /software/apache/lib /software/apache/bin /software/apache/build \
	     /software/apache/lib/pkgconfig /software/apache/include
/usr/bin/install -c -m 644 /home/webwas/education/httpd-2.4.60-template/httpd-2.4.60/srclib/apr/include/apr.h /software/apache/include
for f in /home/webwas/education/httpd-2.4.60-template/httpd-2.4.60/srclib/apr/include/apr_*.h; do \
    /usr/bin/install -c -m 644 ${f} /software/apache/include; \
done
/bin/sh /home/webwas/education/httpd-2.4.60-template/httpd-2.4.60/srclib/apr/libtool --mode=install /usr/bin/install -c -m 755 libapr-1.la /software/apache/lib
libtool: install: /usr/bin/install -c -m 755 .libs/libapr-1.so.0.7.0 /software/apache/lib/libapr-1.so.0.7.0
libtool: install: (cd /software/apache/lib && { ln -s -f libapr-1.so.0.7.0 libapr-1.so.0 || { rm -f libapr-1.so.0 && ln -s libapr-1.so.0.7.0 libapr-1.so.0; }; })
libtool: install: (cd /software/apache/lib && { ln -s -f libapr-1.so.0.7.0 libapr-1.so || { rm -f libapr-1.so && ln -s libapr-1.so.0.7.0 libapr-1.so; }; })
libtool: install: /usr/bin/install -c -m 755 .libs/libapr-1.lai /software/apache/lib/libapr-1.la
libtool: install: /usr/bin/install -c -m 755 .libs/libapr-1.a /software/apache/lib/libapr-1.a
libtool: install: chmod 644 /software/apache/lib/libapr-1.a
libtool: install: ranlib /software/apache/lib/libapr-1.a
libtool: finish: PATH="/home/webwas/.local/bin:/home/webwas/bin:/usr/local/bin:/usr/bin:/usr/local/sbin:/usr/sbin:/sbin" ldconfig -n /software/apache/lib
----------------------------------------------------------------------
Libraries have been installed in:
   /software/apache/lib

If you ever happen to want to link against installed libraries
in a given directory, LIBDIR, you must either use libtool, and
specify the full pathname of the library, or use the '-LLIBDIR'
flag during linking and do at least one of the following:
   - add LIBDIR to the 'LD_LIBRARY_PATH' environment variable
     during execution
   - add LIBDIR to the 'LD_RUN_PATH' environment variable
     during linking
   - use the '-Wl,-rpath -Wl,LIBDIR' linker flag
   - have your system administrator add LIBDIR to '/etc/ld.so.conf'

See any operating system documentation about shared libraries for
more information, such as the ld(1) and ld.so(8) manual pages.
----------------------------------------------------------------------
/usr/bin/install -c -m 644 apr.exp /software/apache/lib/apr.exp
/usr/bin/install -c -m 644 apr.pc /software/apache/lib/pkgconfig/apr-1.pc
for f in libtool shlibtool; do \
    if test -f ${f}; then /usr/bin/install -c -m 755 ${f} /software/apache/build; fi; \
done
/usr/bin/install -c -m 755 /home/webwas/education/httpd-2.4.60-template/httpd-2.4.60/srclib/apr/build/mkdir.sh /software/apache/build
for f in make_exports.awk make_var_export.awk; do \
    /usr/bin/install -c -m 644 /home/webwas/education/httpd-2.4.60-template/httpd-2.4.60/srclib/apr/build/${f} /software/apache/build; \
done
/usr/bin/install -c -m 644 build/apr_rules.out /software/apache/build/apr_rules.mk
/usr/bin/install -c -m 755 apr-config.out /software/apache/bin/apr-1-config
make[2]: Leaving directory '/home/webwas/education/httpd-2.4.60-template/httpd-2.4.60/srclib/apr-1.7.0'
Making install in apr-util
make[2]: Entering directory '/home/webwas/education/httpd-2.4.60-template/httpd-2.4.60/srclib/apr-util-1.6.1'
make[3]: Entering directory '/home/webwas/education/httpd-2.4.60-template/httpd-2.4.60/srclib/apr-util-1.6.1'
make[3]: Nothing to be done for 'local-all'.
make[3]: Leaving directory '/home/webwas/education/httpd-2.4.60-template/httpd-2.4.60/srclib/apr-util-1.6.1'
/home/webwas/education/httpd-2.4.60-template/httpd-2.4.60/srclib/apr/build/mkdir.sh /software/apache/include /software/apache/lib/pkgconfig \
	     /software/apache/lib /software/apache/bin
for f in /home/webwas/education/httpd-2.4.60-template/httpd-2.4.60/srclib/apr-util/include/*.h /home/webwas/education/httpd-2.4.60-template/httpd-2.4.60/srclib/apr-util/include/*.h; do \
	/usr/bin/install -c -m 644 ${f} /software/apache/include; \
done
/usr/bin/install -c -m 644 apr-util.pc /software/apache/lib/pkgconfig/apr-util-1.pc
list=''; for i in $list; do \
	( cd $i ; make DESTDIR= install ); \
done
/bin/sh /home/webwas/education/httpd-2.4.60-template/httpd-2.4.60/srclib/apr/libtool --mode=install /usr/bin/install -c -m 755 libaprutil-1.la /software/apache/lib
libtool: warning: relinking 'libaprutil-1.la'
libtool: install: (cd /home/webwas/education/httpd-2.4.60-template/httpd-2.4.60/srclib/apr-util; /bin/sh "/home/webwas/education/httpd-2.4.60-template/httpd-2.4.60/srclib/apr/libtool"  --silent --mode=relink gcc -g -O2 -DHAVE_CONFIG_H -DLINUX -D_REENTRANT -D_GNU_SOURCE -I/home/webwas/education/httpd-2.4.60-template/httpd-2.4.60/srclib/apr-util/include -I/home/webwas/education/httpd-2.4.60-template/httpd-2.4.60/srclib/apr-util/include/private -I/home/webwas/education/httpd-2.4.60-template/httpd-2.4.60/srclib/apr/include -version-info 6:1:6 -o libaprutil-1.la -rpath /software/apache/lib buckets/apr_brigade.lo buckets/apr_buckets.lo buckets/apr_buckets_alloc.lo buckets/apr_buckets_eos.lo buckets/apr_buckets_file.lo buckets/apr_buckets_flush.lo buckets/apr_buckets_heap.lo buckets/apr_buckets_mmap.lo buckets/apr_buckets_pipe.lo buckets/apr_buckets_pool.lo buckets/apr_buckets_refcount.lo buckets/apr_buckets_simple.lo buckets/apr_buckets_socket.lo crypto/apr_crypto.lo crypto/apr_md4.lo crypto/apr_md5.lo crypto/apr_passwd.lo crypto/apr_sha1.lo crypto/apr_siphash.lo crypto/crypt_blowfish.lo crypto/getuuid.lo crypto/uuid.lo dbd/apr_dbd.lo dbm/apr_dbm.lo dbm/apr_dbm_sdbm.lo dbm/sdbm/sdbm.lo dbm/sdbm/sdbm_hash.lo dbm/sdbm/sdbm_lock.lo dbm/sdbm/sdbm_pair.lo encoding/apr_base64.lo hooks/apr_hooks.lo ldap/apr_ldap_stub.lo ldap/apr_ldap_url.lo memcache/apr_memcache.lo misc/apr_date.lo misc/apr_queue.lo misc/apr_reslist.lo misc/apr_rmm.lo misc/apr_thread_pool.lo misc/apu_dso.lo misc/apu_version.lo redis/apr_redis.lo strmatch/apr_strmatch.lo uri/apr_uri.lo xlate/xlate.lo xml/apr_xml.lo -lcrypt -lpthread -lexpat /home/webwas/education/httpd-2.4.60-template/httpd-2.4.60/srclib/apr/libapr-1.la -lcrypt -lpthread )
libtool: install: /usr/bin/install -c -m 755 .libs/libaprutil-1.so.0.6.1T /software/apache/lib/libaprutil-1.so.0.6.1
libtool: install: (cd /software/apache/lib && { ln -s -f libaprutil-1.so.0.6.1 libaprutil-1.so.0 || { rm -f libaprutil-1.so.0 && ln -s libaprutil-1.so.0.6.1 libaprutil-1.so.0; }; })
libtool: install: (cd /software/apache/lib && { ln -s -f libaprutil-1.so.0.6.1 libaprutil-1.so || { rm -f libaprutil-1.so && ln -s libaprutil-1.so.0.6.1 libaprutil-1.so; }; })
libtool: install: /usr/bin/install -c -m 755 .libs/libaprutil-1.lai /software/apache/lib/libaprutil-1.la
libtool: install: /usr/bin/install -c -m 755 .libs/libaprutil-1.a /software/apache/lib/libaprutil-1.a
libtool: install: chmod 644 /software/apache/lib/libaprutil-1.a
libtool: install: ranlib /software/apache/lib/libaprutil-1.a
libtool: finish: PATH="/home/webwas/.local/bin:/home/webwas/bin:/usr/local/bin:/usr/bin:/usr/local/sbin:/usr/sbin:/sbin" ldconfig -n /software/apache/lib
----------------------------------------------------------------------
Libraries have been installed in:
   /software/apache/lib

If you ever happen to want to link against installed libraries
in a given directory, LIBDIR, you must either use libtool, and
specify the full pathname of the library, or use the '-LLIBDIR'
flag during linking and do at least one of the following:
   - add LIBDIR to the 'LD_LIBRARY_PATH' environment variable
     during execution
   - add LIBDIR to the 'LD_RUN_PATH' environment variable
     during linking
   - use the '-Wl,-rpath -Wl,LIBDIR' linker flag
   - have your system administrator add LIBDIR to '/etc/ld.so.conf'

See any operating system documentation about shared libraries for
more information, such as the ld(1) and ld.so(8) manual pages.
----------------------------------------------------------------------
/usr/bin/install -c -m 644 aprutil.exp /software/apache/lib
/usr/bin/install -c -m 755 apu-config.out /software/apache/bin/apu-1-config
make[2]: Leaving directory '/home/webwas/education/httpd-2.4.60-template/httpd-2.4.60/srclib/apr-util-1.6.1'
make[2]: Entering directory '/home/webwas/education/httpd-2.4.60-template/httpd-2.4.60/srclib'
make[2]: Leaving directory '/home/webwas/education/httpd-2.4.60-template/httpd-2.4.60/srclib'
make[1]: Leaving directory '/home/webwas/education/httpd-2.4.60-template/httpd-2.4.60/srclib'
Making install in os
make[1]: Entering directory '/home/webwas/education/httpd-2.4.60-template/httpd-2.4.60/os'
Making install in unix
make[2]: Entering directory '/home/webwas/education/httpd-2.4.60-template/httpd-2.4.60/os/unix'
make[3]: Entering directory '/home/webwas/education/httpd-2.4.60-template/httpd-2.4.60/os/unix'
make[3]: Leaving directory '/home/webwas/education/httpd-2.4.60-template/httpd-2.4.60/os/unix'
make[2]: Leaving directory '/home/webwas/education/httpd-2.4.60-template/httpd-2.4.60/os/unix'
make[2]: Entering directory '/home/webwas/education/httpd-2.4.60-template/httpd-2.4.60/os'
make[2]: Leaving directory '/home/webwas/education/httpd-2.4.60-template/httpd-2.4.60/os'
make[1]: Leaving directory '/home/webwas/education/httpd-2.4.60-template/httpd-2.4.60/os'
Making install in server
make[1]: Entering directory '/home/webwas/education/httpd-2.4.60-template/httpd-2.4.60/server'
Making install in mpm
make[2]: Entering directory '/home/webwas/education/httpd-2.4.60-template/httpd-2.4.60/server/mpm'
Making install in event
make[3]: Entering directory '/home/webwas/education/httpd-2.4.60-template/httpd-2.4.60/server/mpm/event'
make[4]: Entering directory '/home/webwas/education/httpd-2.4.60-template/httpd-2.4.60/server/mpm/event'
mkdir /software/apache/modules
make[4]: Leaving directory '/home/webwas/education/httpd-2.4.60-template/httpd-2.4.60/server/mpm/event'
make[3]: Leaving directory '/home/webwas/education/httpd-2.4.60-template/httpd-2.4.60/server/mpm/event'
make[3]: Entering directory '/home/webwas/education/httpd-2.4.60-template/httpd-2.4.60/server/mpm'
make[3]: Leaving directory '/home/webwas/education/httpd-2.4.60-template/httpd-2.4.60/server/mpm'
make[2]: Leaving directory '/home/webwas/education/httpd-2.4.60-template/httpd-2.4.60/server/mpm'
make[2]: Entering directory '/home/webwas/education/httpd-2.4.60-template/httpd-2.4.60/server'
make[2]: Leaving directory '/home/webwas/education/httpd-2.4.60-template/httpd-2.4.60/server'
make[1]: Leaving directory '/home/webwas/education/httpd-2.4.60-template/httpd-2.4.60/server'
Making install in modules
make[1]: Entering directory '/home/webwas/education/httpd-2.4.60-template/httpd-2.4.60/modules'
Making install in aaa
make[2]: Entering directory '/home/webwas/education/httpd-2.4.60-template/httpd-2.4.60/modules/aaa'
make[3]: Entering directory '/home/webwas/education/httpd-2.4.60-template/httpd-2.4.60/modules/aaa'
/home/webwas/education/httpd-2.4.60-template/httpd-2.4.60/srclib/apr/libtool --silent --mode=install install mod_authn_file.la /software/apache/modules/
/home/webwas/education/httpd-2.4.60-template/httpd-2.4.60/srclib/apr/libtool --silent --mode=install install mod_authn_dbm.la /software/apache/modules/
/home/webwas/education/httpd-2.4.60-template/httpd-2.4.60/srclib/apr/libtool --silent --mode=install install mod_authn_anon.la /software/apache/modules/
/home/webwas/education/httpd-2.4.60-template/httpd-2.4.60/srclib/apr/libtool --silent --mode=install install mod_authn_dbd.la /software/apache/modules/
/home/webwas/education/httpd-2.4.60-template/httpd-2.4.60/srclib/apr/libtool --silent --mode=install install mod_authn_socache.la /software/apache/modules/
/home/webwas/education/httpd-2.4.60-template/httpd-2.4.60/srclib/apr/libtool --silent --mode=install install mod_authn_core.la /software/apache/modules/
/home/webwas/education/httpd-2.4.60-template/httpd-2.4.60/srclib/apr/libtool --silent --mode=install install mod_authz_host.la /software/apache/modules/
/home/webwas/education/httpd-2.4.60-template/httpd-2.4.60/srclib/apr/libtool --silent --mode=install install mod_authz_groupfile.la /software/apache/modules/
/home/webwas/education/httpd-2.4.60-template/httpd-2.4.60/srclib/apr/libtool --silent --mode=install install mod_authz_user.la /software/apache/modules/
/home/webwas/education/httpd-2.4.60-template/httpd-2.4.60/srclib/apr/libtool --silent --mode=install install mod_authz_dbm.la /software/apache/modules/
/home/webwas/education/httpd-2.4.60-template/httpd-2.4.60/srclib/apr/libtool --silent --mode=install install mod_authz_owner.la /software/apache/modules/
/home/webwas/education/httpd-2.4.60-template/httpd-2.4.60/srclib/apr/libtool --silent --mode=install install mod_authz_dbd.la /software/apache/modules/
/home/webwas/education/httpd-2.4.60-template/httpd-2.4.60/srclib/apr/libtool --silent --mode=install install mod_authz_core.la /software/apache/modules/
/home/webwas/education/httpd-2.4.60-template/httpd-2.4.60/srclib/apr/libtool --silent --mode=install install mod_access_compat.la /software/apache/modules/
/home/webwas/education/httpd-2.4.60-template/httpd-2.4.60/srclib/apr/libtool --silent --mode=install install mod_auth_basic.la /software/apache/modules/
/home/webwas/education/httpd-2.4.60-template/httpd-2.4.60/srclib/apr/libtool --silent --mode=install install mod_auth_form.la /software/apache/modules/
/home/webwas/education/httpd-2.4.60-template/httpd-2.4.60/srclib/apr/libtool --silent --mode=install install mod_auth_digest.la /software/apache/modules/
/home/webwas/education/httpd-2.4.60-template/httpd-2.4.60/srclib/apr/libtool --silent --mode=install install mod_allowmethods.la /software/apache/modules/
make[3]: Leaving directory '/home/webwas/education/httpd-2.4.60-template/httpd-2.4.60/modules/aaa'
make[2]: Leaving directory '/home/webwas/education/httpd-2.4.60-template/httpd-2.4.60/modules/aaa'
Making install in cache
make[2]: Entering directory '/home/webwas/education/httpd-2.4.60-template/httpd-2.4.60/modules/cache'
make[3]: Entering directory '/home/webwas/education/httpd-2.4.60-template/httpd-2.4.60/modules/cache'
/home/webwas/education/httpd-2.4.60-template/httpd-2.4.60/srclib/apr/libtool --silent --mode=install install mod_file_cache.la /software/apache/modules/
/home/webwas/education/httpd-2.4.60-template/httpd-2.4.60/srclib/apr/libtool --silent --mode=install install mod_cache.la /software/apache/modules/
/home/webwas/education/httpd-2.4.60-template/httpd-2.4.60/srclib/apr/libtool --silent --mode=install install mod_cache_disk.la /software/apache/modules/
/home/webwas/education/httpd-2.4.60-template/httpd-2.4.60/srclib/apr/libtool --silent --mode=install install mod_cache_socache.la /software/apache/modules/
/home/webwas/education/httpd-2.4.60-template/httpd-2.4.60/srclib/apr/libtool --silent --mode=install install mod_socache_shmcb.la /software/apache/modules/
/home/webwas/education/httpd-2.4.60-template/httpd-2.4.60/srclib/apr/libtool --silent --mode=install install mod_socache_dbm.la /software/apache/modules/
/home/webwas/education/httpd-2.4.60-template/httpd-2.4.60/srclib/apr/libtool --silent --mode=install install mod_socache_memcache.la /software/apache/modules/
/home/webwas/education/httpd-2.4.60-template/httpd-2.4.60/srclib/apr/libtool --silent --mode=install install mod_socache_redis.la /software/apache/modules/
make[3]: Leaving directory '/home/webwas/education/httpd-2.4.60-template/httpd-2.4.60/modules/cache'
make[2]: Leaving directory '/home/webwas/education/httpd-2.4.60-template/httpd-2.4.60/modules/cache'
Making install in core
make[2]: Entering directory '/home/webwas/education/httpd-2.4.60-template/httpd-2.4.60/modules/core'
make[3]: Entering directory '/home/webwas/education/httpd-2.4.60-template/httpd-2.4.60/modules/core'
/home/webwas/education/httpd-2.4.60-template/httpd-2.4.60/srclib/apr/libtool --silent --mode=install install mod_watchdog.la /software/apache/modules/
/home/webwas/education/httpd-2.4.60-template/httpd-2.4.60/srclib/apr/libtool --silent --mode=install install mod_macro.la /software/apache/modules/
make[3]: Leaving directory '/home/webwas/education/httpd-2.4.60-template/httpd-2.4.60/modules/core'
make[2]: Leaving directory '/home/webwas/education/httpd-2.4.60-template/httpd-2.4.60/modules/core'
Making install in database
make[2]: Entering directory '/home/webwas/education/httpd-2.4.60-template/httpd-2.4.60/modules/database'
make[3]: Entering directory '/home/webwas/education/httpd-2.4.60-template/httpd-2.4.60/modules/database'
/home/webwas/education/httpd-2.4.60-template/httpd-2.4.60/srclib/apr/libtool --silent --mode=install install mod_dbd.la /software/apache/modules/
make[3]: Leaving directory '/home/webwas/education/httpd-2.4.60-template/httpd-2.4.60/modules/database'
make[2]: Leaving directory '/home/webwas/education/httpd-2.4.60-template/httpd-2.4.60/modules/database'
Making install in debugging
make[2]: Entering directory '/home/webwas/education/httpd-2.4.60-template/httpd-2.4.60/modules/debugging'
make[3]: Entering directory '/home/webwas/education/httpd-2.4.60-template/httpd-2.4.60/modules/debugging'
/home/webwas/education/httpd-2.4.60-template/httpd-2.4.60/srclib/apr/libtool --silent --mode=install install mod_dumpio.la /software/apache/modules/
make[3]: Leaving directory '/home/webwas/education/httpd-2.4.60-template/httpd-2.4.60/modules/debugging'
make[2]: Leaving directory '/home/webwas/education/httpd-2.4.60-template/httpd-2.4.60/modules/debugging'
Making install in echo
make[2]: Entering directory '/home/webwas/education/httpd-2.4.60-template/httpd-2.4.60/modules/echo'
make[3]: Entering directory '/home/webwas/education/httpd-2.4.60-template/httpd-2.4.60/modules/echo'
/home/webwas/education/httpd-2.4.60-template/httpd-2.4.60/srclib/apr/libtool --silent --mode=install install mod_echo.la /software/apache/modules/
make[3]: Leaving directory '/home/webwas/education/httpd-2.4.60-template/httpd-2.4.60/modules/echo'
make[2]: Leaving directory '/home/webwas/education/httpd-2.4.60-template/httpd-2.4.60/modules/echo'
Making install in filters
make[2]: Entering directory '/home/webwas/education/httpd-2.4.60-template/httpd-2.4.60/modules/filters'
make[3]: Entering directory '/home/webwas/education/httpd-2.4.60-template/httpd-2.4.60/modules/filters'
/home/webwas/education/httpd-2.4.60-template/httpd-2.4.60/srclib/apr/libtool --silent --mode=install install mod_buffer.la /software/apache/modules/
/home/webwas/education/httpd-2.4.60-template/httpd-2.4.60/srclib/apr/libtool --silent --mode=install install mod_data.la /software/apache/modules/
/home/webwas/education/httpd-2.4.60-template/httpd-2.4.60/srclib/apr/libtool --silent --mode=install install mod_ratelimit.la /software/apache/modules/
/home/webwas/education/httpd-2.4.60-template/httpd-2.4.60/srclib/apr/libtool --silent --mode=install install mod_reqtimeout.la /software/apache/modules/
/home/webwas/education/httpd-2.4.60-template/httpd-2.4.60/srclib/apr/libtool --silent --mode=install install mod_ext_filter.la /software/apache/modules/
/home/webwas/education/httpd-2.4.60-template/httpd-2.4.60/srclib/apr/libtool --silent --mode=install install mod_request.la /software/apache/modules/
/home/webwas/education/httpd-2.4.60-template/httpd-2.4.60/srclib/apr/libtool --silent --mode=install install mod_include.la /software/apache/modules/
/home/webwas/education/httpd-2.4.60-template/httpd-2.4.60/srclib/apr/libtool --silent --mode=install install mod_filter.la /software/apache/modules/
/home/webwas/education/httpd-2.4.60-template/httpd-2.4.60/srclib/apr/libtool --silent --mode=install install mod_reflector.la /software/apache/modules/
/home/webwas/education/httpd-2.4.60-template/httpd-2.4.60/srclib/apr/libtool --silent --mode=install install mod_substitute.la /software/apache/modules/
/home/webwas/education/httpd-2.4.60-template/httpd-2.4.60/srclib/apr/libtool --silent --mode=install install mod_sed.la /software/apache/modules/
/home/webwas/education/httpd-2.4.60-template/httpd-2.4.60/srclib/apr/libtool --silent --mode=install install mod_charset_lite.la /software/apache/modules/
make[3]: Leaving directory '/home/webwas/education/httpd-2.4.60-template/httpd-2.4.60/modules/filters'
make[2]: Leaving directory '/home/webwas/education/httpd-2.4.60-template/httpd-2.4.60/modules/filters'
Making install in http
make[2]: Entering directory '/home/webwas/education/httpd-2.4.60-template/httpd-2.4.60/modules/http'
make[3]: Entering directory '/home/webwas/education/httpd-2.4.60-template/httpd-2.4.60/modules/http'
/home/webwas/education/httpd-2.4.60-template/httpd-2.4.60/srclib/apr/libtool --silent --mode=install install mod_mime.la /software/apache/modules/
make[3]: Leaving directory '/home/webwas/education/httpd-2.4.60-template/httpd-2.4.60/modules/http'
make[2]: Leaving directory '/home/webwas/education/httpd-2.4.60-template/httpd-2.4.60/modules/http'
Making install in loggers
make[2]: Entering directory '/home/webwas/education/httpd-2.4.60-template/httpd-2.4.60/modules/loggers'
make[3]: Entering directory '/home/webwas/education/httpd-2.4.60-template/httpd-2.4.60/modules/loggers'
/home/webwas/education/httpd-2.4.60-template/httpd-2.4.60/srclib/apr/libtool --silent --mode=install install mod_log_config.la /software/apache/modules/
/home/webwas/education/httpd-2.4.60-template/httpd-2.4.60/srclib/apr/libtool --silent --mode=install install mod_log_debug.la /software/apache/modules/
/home/webwas/education/httpd-2.4.60-template/httpd-2.4.60/srclib/apr/libtool --silent --mode=install install mod_log_forensic.la /software/apache/modules/
/home/webwas/education/httpd-2.4.60-template/httpd-2.4.60/srclib/apr/libtool --silent --mode=install install mod_logio.la /software/apache/modules/
make[3]: Leaving directory '/home/webwas/education/httpd-2.4.60-template/httpd-2.4.60/modules/loggers'
make[2]: Leaving directory '/home/webwas/education/httpd-2.4.60-template/httpd-2.4.60/modules/loggers'
Making install in metadata
make[2]: Entering directory '/home/webwas/education/httpd-2.4.60-template/httpd-2.4.60/modules/metadata'
make[3]: Entering directory '/home/webwas/education/httpd-2.4.60-template/httpd-2.4.60/modules/metadata'
/home/webwas/education/httpd-2.4.60-template/httpd-2.4.60/srclib/apr/libtool --silent --mode=install install mod_env.la /software/apache/modules/
/home/webwas/education/httpd-2.4.60-template/httpd-2.4.60/srclib/apr/libtool --silent --mode=install install mod_mime_magic.la /software/apache/modules/
/home/webwas/education/httpd-2.4.60-template/httpd-2.4.60/srclib/apr/libtool --silent --mode=install install mod_expires.la /software/apache/modules/
/home/webwas/education/httpd-2.4.60-template/httpd-2.4.60/srclib/apr/libtool --silent --mode=install install mod_headers.la /software/apache/modules/
/home/webwas/education/httpd-2.4.60-template/httpd-2.4.60/srclib/apr/libtool --silent --mode=install install mod_usertrack.la /software/apache/modules/
/home/webwas/education/httpd-2.4.60-template/httpd-2.4.60/srclib/apr/libtool --silent --mode=install install mod_unique_id.la /software/apache/modules/
/home/webwas/education/httpd-2.4.60-template/httpd-2.4.60/srclib/apr/libtool --silent --mode=install install mod_setenvif.la /software/apache/modules/
/home/webwas/education/httpd-2.4.60-template/httpd-2.4.60/srclib/apr/libtool --silent --mode=install install mod_version.la /software/apache/modules/
/home/webwas/education/httpd-2.4.60-template/httpd-2.4.60/srclib/apr/libtool --silent --mode=install install mod_remoteip.la /software/apache/modules/
make[3]: Leaving directory '/home/webwas/education/httpd-2.4.60-template/httpd-2.4.60/modules/metadata'
make[2]: Leaving directory '/home/webwas/education/httpd-2.4.60-template/httpd-2.4.60/modules/metadata'
Making install in proxy
make[2]: Entering directory '/home/webwas/education/httpd-2.4.60-template/httpd-2.4.60/modules/proxy'
make[3]: Entering directory '/home/webwas/education/httpd-2.4.60-template/httpd-2.4.60/modules/proxy'
/home/webwas/education/httpd-2.4.60-template/httpd-2.4.60/srclib/apr/libtool --silent --mode=install install mod_proxy.la /software/apache/modules/
/home/webwas/education/httpd-2.4.60-template/httpd-2.4.60/srclib/apr/libtool --silent --mode=install install mod_proxy_connect.la /software/apache/modules/
/home/webwas/education/httpd-2.4.60-template/httpd-2.4.60/srclib/apr/libtool --silent --mode=install install mod_proxy_ftp.la /software/apache/modules/
/home/webwas/education/httpd-2.4.60-template/httpd-2.4.60/srclib/apr/libtool --silent --mode=install install mod_proxy_http.la /software/apache/modules/
/home/webwas/education/httpd-2.4.60-template/httpd-2.4.60/srclib/apr/libtool --silent --mode=install install mod_proxy_fcgi.la /software/apache/modules/
/home/webwas/education/httpd-2.4.60-template/httpd-2.4.60/srclib/apr/libtool --silent --mode=install install mod_proxy_scgi.la /software/apache/modules/
/home/webwas/education/httpd-2.4.60-template/httpd-2.4.60/srclib/apr/libtool --silent --mode=install install mod_proxy_uwsgi.la /software/apache/modules/
/home/webwas/education/httpd-2.4.60-template/httpd-2.4.60/srclib/apr/libtool --silent --mode=install install mod_proxy_fdpass.la /software/apache/modules/
/home/webwas/education/httpd-2.4.60-template/httpd-2.4.60/srclib/apr/libtool --silent --mode=install install mod_proxy_wstunnel.la /software/apache/modules/
/home/webwas/education/httpd-2.4.60-template/httpd-2.4.60/srclib/apr/libtool --silent --mode=install install mod_proxy_ajp.la /software/apache/modules/
/home/webwas/education/httpd-2.4.60-template/httpd-2.4.60/srclib/apr/libtool --silent --mode=install install mod_proxy_balancer.la /software/apache/modules/
/home/webwas/education/httpd-2.4.60-template/httpd-2.4.60/srclib/apr/libtool --silent --mode=install install mod_proxy_express.la /software/apache/modules/
/home/webwas/education/httpd-2.4.60-template/httpd-2.4.60/srclib/apr/libtool --silent --mode=install install mod_proxy_hcheck.la /software/apache/modules/
make[3]: Leaving directory '/home/webwas/education/httpd-2.4.60-template/httpd-2.4.60/modules/proxy'
make[2]: Leaving directory '/home/webwas/education/httpd-2.4.60-template/httpd-2.4.60/modules/proxy'
Making install in session
make[2]: Entering directory '/home/webwas/education/httpd-2.4.60-template/httpd-2.4.60/modules/session'
make[3]: Entering directory '/home/webwas/education/httpd-2.4.60-template/httpd-2.4.60/modules/session'
/home/webwas/education/httpd-2.4.60-template/httpd-2.4.60/srclib/apr/libtool --silent --mode=install install mod_session.la /software/apache/modules/
/home/webwas/education/httpd-2.4.60-template/httpd-2.4.60/srclib/apr/libtool --silent --mode=install install mod_session_cookie.la /software/apache/modules/
/home/webwas/education/httpd-2.4.60-template/httpd-2.4.60/srclib/apr/libtool --silent --mode=install install mod_session_dbd.la /software/apache/modules/
make[3]: Leaving directory '/home/webwas/education/httpd-2.4.60-template/httpd-2.4.60/modules/session'
make[2]: Leaving directory '/home/webwas/education/httpd-2.4.60-template/httpd-2.4.60/modules/session'
Making install in slotmem
make[2]: Entering directory '/home/webwas/education/httpd-2.4.60-template/httpd-2.4.60/modules/slotmem'
make[3]: Entering directory '/home/webwas/education/httpd-2.4.60-template/httpd-2.4.60/modules/slotmem'
/home/webwas/education/httpd-2.4.60-template/httpd-2.4.60/srclib/apr/libtool --silent --mode=install install mod_slotmem_shm.la /software/apache/modules/
/home/webwas/education/httpd-2.4.60-template/httpd-2.4.60/srclib/apr/libtool --silent --mode=install install mod_slotmem_plain.la /software/apache/modules/
make[3]: Leaving directory '/home/webwas/education/httpd-2.4.60-template/httpd-2.4.60/modules/slotmem'
make[2]: Leaving directory '/home/webwas/education/httpd-2.4.60-template/httpd-2.4.60/modules/slotmem'
Making install in ssl
make[2]: Entering directory '/home/webwas/education/httpd-2.4.60-template/httpd-2.4.60/modules/ssl'
make[3]: Entering directory '/home/webwas/education/httpd-2.4.60-template/httpd-2.4.60/modules/ssl'
/home/webwas/education/httpd-2.4.60-template/httpd-2.4.60/srclib/apr/libtool --silent --mode=install install mod_ssl.la /software/apache/modules/
make[3]: Leaving directory '/home/webwas/education/httpd-2.4.60-template/httpd-2.4.60/modules/ssl'
make[2]: Leaving directory '/home/webwas/education/httpd-2.4.60-template/httpd-2.4.60/modules/ssl'
Making install in test
make[2]: Entering directory '/home/webwas/education/httpd-2.4.60-template/httpd-2.4.60/modules/test'
make[3]: Entering directory '/home/webwas/education/httpd-2.4.60-template/httpd-2.4.60/modules/test'
/home/webwas/education/httpd-2.4.60-template/httpd-2.4.60/srclib/apr/libtool --silent --mode=install install mod_dialup.la /software/apache/modules/
make[3]: Leaving directory '/home/webwas/education/httpd-2.4.60-template/httpd-2.4.60/modules/test'
make[2]: Leaving directory '/home/webwas/education/httpd-2.4.60-template/httpd-2.4.60/modules/test'
Making install in http2
make[2]: Entering directory '/home/webwas/education/httpd-2.4.60-template/httpd-2.4.60/modules/http2'
make[3]: Entering directory '/home/webwas/education/httpd-2.4.60-template/httpd-2.4.60/modules/http2'
/home/webwas/education/httpd-2.4.60-template/httpd-2.4.60/srclib/apr/libtool --silent --mode=install install mod_http2.la /software/apache/modules/
make[3]: Leaving directory '/home/webwas/education/httpd-2.4.60-template/httpd-2.4.60/modules/http2'
make[2]: Leaving directory '/home/webwas/education/httpd-2.4.60-template/httpd-2.4.60/modules/http2'
Making install in proxy/balancers
make[2]: Entering directory '/home/webwas/education/httpd-2.4.60-template/httpd-2.4.60/modules/proxy/balancers'
make[3]: Entering directory '/home/webwas/education/httpd-2.4.60-template/httpd-2.4.60/modules/proxy/balancers'
/home/webwas/education/httpd-2.4.60-template/httpd-2.4.60/srclib/apr/libtool --silent --mode=install install mod_lbmethod_byrequests.la /software/apache/modules/
/home/webwas/education/httpd-2.4.60-template/httpd-2.4.60/srclib/apr/libtool --silent --mode=install install mod_lbmethod_bytraffic.la /software/apache/modules/
/home/webwas/education/httpd-2.4.60-template/httpd-2.4.60/srclib/apr/libtool --silent --mode=install install mod_lbmethod_bybusyness.la /software/apache/modules/
/home/webwas/education/httpd-2.4.60-template/httpd-2.4.60/srclib/apr/libtool --silent --mode=install install mod_lbmethod_heartbeat.la /software/apache/modules/
make[3]: Leaving directory '/home/webwas/education/httpd-2.4.60-template/httpd-2.4.60/modules/proxy/balancers'
make[2]: Leaving directory '/home/webwas/education/httpd-2.4.60-template/httpd-2.4.60/modules/proxy/balancers'
Making install in arch/unix
make[2]: Entering directory '/home/webwas/education/httpd-2.4.60-template/httpd-2.4.60/modules/arch/unix'
make[3]: Entering directory '/home/webwas/education/httpd-2.4.60-template/httpd-2.4.60/modules/arch/unix'
/home/webwas/education/httpd-2.4.60-template/httpd-2.4.60/srclib/apr/libtool --silent --mode=install install mod_unixd.la /software/apache/modules/
make[3]: Leaving directory '/home/webwas/education/httpd-2.4.60-template/httpd-2.4.60/modules/arch/unix'
make[2]: Leaving directory '/home/webwas/education/httpd-2.4.60-template/httpd-2.4.60/modules/arch/unix'
Making install in cluster
make[2]: Entering directory '/home/webwas/education/httpd-2.4.60-template/httpd-2.4.60/modules/cluster'
make[3]: Entering directory '/home/webwas/education/httpd-2.4.60-template/httpd-2.4.60/modules/cluster'
/home/webwas/education/httpd-2.4.60-template/httpd-2.4.60/srclib/apr/libtool --silent --mode=install install mod_heartbeat.la /software/apache/modules/
/home/webwas/education/httpd-2.4.60-template/httpd-2.4.60/srclib/apr/libtool --silent --mode=install install mod_heartmonitor.la /software/apache/modules/
make[3]: Leaving directory '/home/webwas/education/httpd-2.4.60-template/httpd-2.4.60/modules/cluster'
make[2]: Leaving directory '/home/webwas/education/httpd-2.4.60-template/httpd-2.4.60/modules/cluster'
Making install in dav/main
make[2]: Entering directory '/home/webwas/education/httpd-2.4.60-template/httpd-2.4.60/modules/dav/main'
make[3]: Entering directory '/home/webwas/education/httpd-2.4.60-template/httpd-2.4.60/modules/dav/main'
/home/webwas/education/httpd-2.4.60-template/httpd-2.4.60/srclib/apr/libtool --silent --mode=install install mod_dav.la /software/apache/modules/
make[3]: Leaving directory '/home/webwas/education/httpd-2.4.60-template/httpd-2.4.60/modules/dav/main'
make[2]: Leaving directory '/home/webwas/education/httpd-2.4.60-template/httpd-2.4.60/modules/dav/main'
Making install in generators
make[2]: Entering directory '/home/webwas/education/httpd-2.4.60-template/httpd-2.4.60/modules/generators'
make[3]: Entering directory '/home/webwas/education/httpd-2.4.60-template/httpd-2.4.60/modules/generators'
/home/webwas/education/httpd-2.4.60-template/httpd-2.4.60/srclib/apr/libtool --silent --mode=install install mod_status.la /software/apache/modules/
/home/webwas/education/httpd-2.4.60-template/httpd-2.4.60/srclib/apr/libtool --silent --mode=install install mod_autoindex.la /software/apache/modules/
/home/webwas/education/httpd-2.4.60-template/httpd-2.4.60/srclib/apr/libtool --silent --mode=install install mod_asis.la /software/apache/modules/
/home/webwas/education/httpd-2.4.60-template/httpd-2.4.60/srclib/apr/libtool --silent --mode=install install mod_info.la /software/apache/modules/
/home/webwas/education/httpd-2.4.60-template/httpd-2.4.60/srclib/apr/libtool --silent --mode=install install mod_cgid.la /software/apache/modules/
make[3]: Leaving directory '/home/webwas/education/httpd-2.4.60-template/httpd-2.4.60/modules/generators'
make[2]: Leaving directory '/home/webwas/education/httpd-2.4.60-template/httpd-2.4.60/modules/generators'
Making install in dav/fs
make[2]: Entering directory '/home/webwas/education/httpd-2.4.60-template/httpd-2.4.60/modules/dav/fs'
make[3]: Entering directory '/home/webwas/education/httpd-2.4.60-template/httpd-2.4.60/modules/dav/fs'
/home/webwas/education/httpd-2.4.60-template/httpd-2.4.60/srclib/apr/libtool --silent --mode=install install mod_dav_fs.la /software/apache/modules/
make[3]: Leaving directory '/home/webwas/education/httpd-2.4.60-template/httpd-2.4.60/modules/dav/fs'
make[2]: Leaving directory '/home/webwas/education/httpd-2.4.60-template/httpd-2.4.60/modules/dav/fs'
Making install in dav/lock
make[2]: Entering directory '/home/webwas/education/httpd-2.4.60-template/httpd-2.4.60/modules/dav/lock'
make[3]: Entering directory '/home/webwas/education/httpd-2.4.60-template/httpd-2.4.60/modules/dav/lock'
/home/webwas/education/httpd-2.4.60-template/httpd-2.4.60/srclib/apr/libtool --silent --mode=install install mod_dav_lock.la /software/apache/modules/
make[3]: Leaving directory '/home/webwas/education/httpd-2.4.60-template/httpd-2.4.60/modules/dav/lock'
make[2]: Leaving directory '/home/webwas/education/httpd-2.4.60-template/httpd-2.4.60/modules/dav/lock'
Making install in mappers
make[2]: Entering directory '/home/webwas/education/httpd-2.4.60-template/httpd-2.4.60/modules/mappers'
make[3]: Entering directory '/home/webwas/education/httpd-2.4.60-template/httpd-2.4.60/modules/mappers'
/home/webwas/education/httpd-2.4.60-template/httpd-2.4.60/srclib/apr/libtool --silent --mode=install install mod_vhost_alias.la /software/apache/modules/
/home/webwas/education/httpd-2.4.60-template/httpd-2.4.60/srclib/apr/libtool --silent --mode=install install mod_negotiation.la /software/apache/modules/
/home/webwas/education/httpd-2.4.60-template/httpd-2.4.60/srclib/apr/libtool --silent --mode=install install mod_dir.la /software/apache/modules/
/home/webwas/education/httpd-2.4.60-template/httpd-2.4.60/srclib/apr/libtool --silent --mode=install install mod_actions.la /software/apache/modules/
/home/webwas/education/httpd-2.4.60-template/httpd-2.4.60/srclib/apr/libtool --silent --mode=install install mod_speling.la /software/apache/modules/
/home/webwas/education/httpd-2.4.60-template/httpd-2.4.60/srclib/apr/libtool --silent --mode=install install mod_userdir.la /software/apache/modules/
/home/webwas/education/httpd-2.4.60-template/httpd-2.4.60/srclib/apr/libtool --silent --mode=install install mod_alias.la /software/apache/modules/
/home/webwas/education/httpd-2.4.60-template/httpd-2.4.60/srclib/apr/libtool --silent --mode=install install mod_rewrite.la /software/apache/modules/
make[3]: Leaving directory '/home/webwas/education/httpd-2.4.60-template/httpd-2.4.60/modules/mappers'
make[2]: Leaving directory '/home/webwas/education/httpd-2.4.60-template/httpd-2.4.60/modules/mappers'
make[2]: Entering directory '/home/webwas/education/httpd-2.4.60-template/httpd-2.4.60/modules'
make[2]: Leaving directory '/home/webwas/education/httpd-2.4.60-template/httpd-2.4.60/modules'
make[1]: Leaving directory '/home/webwas/education/httpd-2.4.60-template/httpd-2.4.60/modules'
Making install in support
make[1]: Entering directory '/home/webwas/education/httpd-2.4.60-template/httpd-2.4.60/support'
make[2]: Entering directory '/home/webwas/education/httpd-2.4.60-template/httpd-2.4.60/support'
make[2]: Leaving directory '/home/webwas/education/httpd-2.4.60-template/httpd-2.4.60/support'
make[1]: Leaving directory '/home/webwas/education/httpd-2.4.60-template/httpd-2.4.60/support'
make[1]: Entering directory '/home/webwas/education/httpd-2.4.60-template/httpd-2.4.60'

make[2]: Entering directory '/home/webwas/education/httpd-2.4.60-template/httpd-2.4.60/os'
make[3]: Entering directory '/home/webwas/education/httpd-2.4.60-template/httpd-2.4.60/os/unix'
make[3]: Leaving directory '/home/webwas/education/httpd-2.4.60-template/httpd-2.4.60/os/unix'
make[2]: Leaving directory '/home/webwas/education/httpd-2.4.60-template/httpd-2.4.60/os'
make[2]: Entering directory '/home/webwas/education/httpd-2.4.60-template/httpd-2.4.60/server'
make[3]: Entering directory '/home/webwas/education/httpd-2.4.60-template/httpd-2.4.60/server/mpm'
make[4]: Entering directory '/home/webwas/education/httpd-2.4.60-template/httpd-2.4.60/server/mpm/event'
make[4]: Leaving directory '/home/webwas/education/httpd-2.4.60-template/httpd-2.4.60/server/mpm/event'
make[3]: Leaving directory '/home/webwas/education/httpd-2.4.60-template/httpd-2.4.60/server/mpm'
make[2]: Leaving directory '/home/webwas/education/httpd-2.4.60-template/httpd-2.4.60/server'
make[2]: Entering directory '/home/webwas/education/httpd-2.4.60-template/httpd-2.4.60/modules'
make[3]: Entering directory '/home/webwas/education/httpd-2.4.60-template/httpd-2.4.60/modules/aaa'
Building shared: mod_authn_file.la mod_authn_dbm.la mod_authn_anon.la mod_authn_dbd.la mod_authn_socache.la mod_authn_core.la mod_authz_host.la mod_authz_groupfile.la mod_authz_user.la mod_authz_dbm.la mod_authz_owner.la mod_authz_dbd.la mod_authz_core.la mod_access_compat.la mod_auth_basic.la mod_auth_form.la mod_auth_digest.la mod_allowmethods.la
make[4]: Entering directory '/home/webwas/education/httpd-2.4.60-template/httpd-2.4.60/modules/aaa'
make[4]: Nothing to be done for 'local-shared-build'.
make[4]: Leaving directory '/home/webwas/education/httpd-2.4.60-template/httpd-2.4.60/modules/aaa'
make[3]: Leaving directory '/home/webwas/education/httpd-2.4.60-template/httpd-2.4.60/modules/aaa'
make[3]: Entering directory '/home/webwas/education/httpd-2.4.60-template/httpd-2.4.60/modules/cache'
Building shared: mod_file_cache.la mod_cache.la mod_cache_disk.la mod_cache_socache.la mod_socache_shmcb.la mod_socache_dbm.la mod_socache_memcache.la mod_socache_redis.la
make[4]: Entering directory '/home/webwas/education/httpd-2.4.60-template/httpd-2.4.60/modules/cache'
make[4]: Nothing to be done for 'local-shared-build'.
make[4]: Leaving directory '/home/webwas/education/httpd-2.4.60-template/httpd-2.4.60/modules/cache'
make[3]: Leaving directory '/home/webwas/education/httpd-2.4.60-template/httpd-2.4.60/modules/cache'
make[3]: Entering directory '/home/webwas/education/httpd-2.4.60-template/httpd-2.4.60/modules/core'
Building shared: mod_watchdog.la mod_macro.la
make[4]: Entering directory '/home/webwas/education/httpd-2.4.60-template/httpd-2.4.60/modules/core'
make[4]: Nothing to be done for 'local-shared-build'.
make[4]: Leaving directory '/home/webwas/education/httpd-2.4.60-template/httpd-2.4.60/modules/core'
make[3]: Leaving directory '/home/webwas/education/httpd-2.4.60-template/httpd-2.4.60/modules/core'
make[3]: Entering directory '/home/webwas/education/httpd-2.4.60-template/httpd-2.4.60/modules/database'
Building shared: mod_dbd.la
make[4]: Entering directory '/home/webwas/education/httpd-2.4.60-template/httpd-2.4.60/modules/database'
make[4]: Nothing to be done for 'local-shared-build'.
make[4]: Leaving directory '/home/webwas/education/httpd-2.4.60-template/httpd-2.4.60/modules/database'
make[3]: Leaving directory '/home/webwas/education/httpd-2.4.60-template/httpd-2.4.60/modules/database'
make[3]: Entering directory '/home/webwas/education/httpd-2.4.60-template/httpd-2.4.60/modules/debugging'
Building shared: mod_dumpio.la
make[4]: Entering directory '/home/webwas/education/httpd-2.4.60-template/httpd-2.4.60/modules/debugging'
make[4]: Nothing to be done for 'local-shared-build'.
make[4]: Leaving directory '/home/webwas/education/httpd-2.4.60-template/httpd-2.4.60/modules/debugging'
make[3]: Leaving directory '/home/webwas/education/httpd-2.4.60-template/httpd-2.4.60/modules/debugging'
make[3]: Entering directory '/home/webwas/education/httpd-2.4.60-template/httpd-2.4.60/modules/echo'
Building shared: mod_echo.la
make[4]: Entering directory '/home/webwas/education/httpd-2.4.60-template/httpd-2.4.60/modules/echo'
make[4]: Nothing to be done for 'local-shared-build'.
make[4]: Leaving directory '/home/webwas/education/httpd-2.4.60-template/httpd-2.4.60/modules/echo'
make[3]: Leaving directory '/home/webwas/education/httpd-2.4.60-template/httpd-2.4.60/modules/echo'
make[3]: Entering directory '/home/webwas/education/httpd-2.4.60-template/httpd-2.4.60/modules/filters'
Building shared: mod_buffer.la mod_data.la mod_ratelimit.la mod_reqtimeout.la mod_ext_filter.la mod_request.la mod_include.la mod_filter.la mod_reflector.la mod_substitute.la mod_sed.la mod_charset_lite.la
make[4]: Entering directory '/home/webwas/education/httpd-2.4.60-template/httpd-2.4.60/modules/filters'
make[4]: Nothing to be done for 'local-shared-build'.
make[4]: Leaving directory '/home/webwas/education/httpd-2.4.60-template/httpd-2.4.60/modules/filters'
make[3]: Leaving directory '/home/webwas/education/httpd-2.4.60-template/httpd-2.4.60/modules/filters'
make[3]: Entering directory '/home/webwas/education/httpd-2.4.60-template/httpd-2.4.60/modules/http'
Building shared: mod_mime.la
make[4]: Entering directory '/home/webwas/education/httpd-2.4.60-template/httpd-2.4.60/modules/http'
make[4]: Nothing to be done for 'local-shared-build'.
make[4]: Leaving directory '/home/webwas/education/httpd-2.4.60-template/httpd-2.4.60/modules/http'
make[3]: Leaving directory '/home/webwas/education/httpd-2.4.60-template/httpd-2.4.60/modules/http'
make[3]: Entering directory '/home/webwas/education/httpd-2.4.60-template/httpd-2.4.60/modules/loggers'
Building shared: mod_log_config.la mod_log_debug.la mod_log_forensic.la mod_logio.la
make[4]: Entering directory '/home/webwas/education/httpd-2.4.60-template/httpd-2.4.60/modules/loggers'
make[4]: Nothing to be done for 'local-shared-build'.
make[4]: Leaving directory '/home/webwas/education/httpd-2.4.60-template/httpd-2.4.60/modules/loggers'
make[3]: Leaving directory '/home/webwas/education/httpd-2.4.60-template/httpd-2.4.60/modules/loggers'
make[3]: Entering directory '/home/webwas/education/httpd-2.4.60-template/httpd-2.4.60/modules/metadata'
Building shared: mod_env.la mod_mime_magic.la mod_expires.la mod_headers.la mod_usertrack.la mod_unique_id.la mod_setenvif.la mod_version.la mod_remoteip.la
make[4]: Entering directory '/home/webwas/education/httpd-2.4.60-template/httpd-2.4.60/modules/metadata'
make[4]: Nothing to be done for 'local-shared-build'.
make[4]: Leaving directory '/home/webwas/education/httpd-2.4.60-template/httpd-2.4.60/modules/metadata'
make[3]: Leaving directory '/home/webwas/education/httpd-2.4.60-template/httpd-2.4.60/modules/metadata'
make[3]: Entering directory '/home/webwas/education/httpd-2.4.60-template/httpd-2.4.60/modules/proxy'
Building shared: mod_proxy.la mod_proxy_connect.la mod_proxy_ftp.la mod_proxy_http.la mod_proxy_fcgi.la mod_proxy_scgi.la mod_proxy_uwsgi.la mod_proxy_fdpass.la mod_proxy_wstunnel.la mod_proxy_ajp.la mod_proxy_balancer.la mod_proxy_express.la mod_proxy_hcheck.la
make[4]: Entering directory '/home/webwas/education/httpd-2.4.60-template/httpd-2.4.60/modules/proxy'
make[4]: Nothing to be done for 'local-shared-build'.
make[4]: Leaving directory '/home/webwas/education/httpd-2.4.60-template/httpd-2.4.60/modules/proxy'
make[3]: Leaving directory '/home/webwas/education/httpd-2.4.60-template/httpd-2.4.60/modules/proxy'
make[3]: Entering directory '/home/webwas/education/httpd-2.4.60-template/httpd-2.4.60/modules/session'
Building shared: mod_session.la mod_session_cookie.la mod_session_dbd.la
make[4]: Entering directory '/home/webwas/education/httpd-2.4.60-template/httpd-2.4.60/modules/session'
make[4]: Nothing to be done for 'local-shared-build'.
make[4]: Leaving directory '/home/webwas/education/httpd-2.4.60-template/httpd-2.4.60/modules/session'
make[3]: Leaving directory '/home/webwas/education/httpd-2.4.60-template/httpd-2.4.60/modules/session'
make[3]: Entering directory '/home/webwas/education/httpd-2.4.60-template/httpd-2.4.60/modules/slotmem'
Building shared: mod_slotmem_shm.la mod_slotmem_plain.la
make[4]: Entering directory '/home/webwas/education/httpd-2.4.60-template/httpd-2.4.60/modules/slotmem'
make[4]: Nothing to be done for 'local-shared-build'.
make[4]: Leaving directory '/home/webwas/education/httpd-2.4.60-template/httpd-2.4.60/modules/slotmem'
make[3]: Leaving directory '/home/webwas/education/httpd-2.4.60-template/httpd-2.4.60/modules/slotmem'
make[3]: Entering directory '/home/webwas/education/httpd-2.4.60-template/httpd-2.4.60/modules/ssl'
Building shared: mod_ssl.la
make[4]: Entering directory '/home/webwas/education/httpd-2.4.60-template/httpd-2.4.60/modules/ssl'
make[4]: Nothing to be done for 'local-shared-build'.
make[4]: Leaving directory '/home/webwas/education/httpd-2.4.60-template/httpd-2.4.60/modules/ssl'
make[3]: Leaving directory '/home/webwas/education/httpd-2.4.60-template/httpd-2.4.60/modules/ssl'
make[3]: Entering directory '/home/webwas/education/httpd-2.4.60-template/httpd-2.4.60/modules/test'
Building shared: mod_dialup.la
make[4]: Entering directory '/home/webwas/education/httpd-2.4.60-template/httpd-2.4.60/modules/test'
make[4]: Nothing to be done for 'local-shared-build'.
make[4]: Leaving directory '/home/webwas/education/httpd-2.4.60-template/httpd-2.4.60/modules/test'
make[3]: Leaving directory '/home/webwas/education/httpd-2.4.60-template/httpd-2.4.60/modules/test'
make[3]: Entering directory '/home/webwas/education/httpd-2.4.60-template/httpd-2.4.60/modules/http2'
Building shared: mod_http2.la
make[4]: Entering directory '/home/webwas/education/httpd-2.4.60-template/httpd-2.4.60/modules/http2'
make[4]: Nothing to be done for 'local-shared-build'.
make[4]: Leaving directory '/home/webwas/education/httpd-2.4.60-template/httpd-2.4.60/modules/http2'
make[3]: Leaving directory '/home/webwas/education/httpd-2.4.60-template/httpd-2.4.60/modules/http2'
make[3]: Entering directory '/home/webwas/education/httpd-2.4.60-template/httpd-2.4.60/modules/proxy/balancers'
Building shared: mod_lbmethod_byrequests.la mod_lbmethod_bytraffic.la mod_lbmethod_bybusyness.la mod_lbmethod_heartbeat.la
make[4]: Entering directory '/home/webwas/education/httpd-2.4.60-template/httpd-2.4.60/modules/proxy/balancers'
make[4]: Nothing to be done for 'local-shared-build'.
make[4]: Leaving directory '/home/webwas/education/httpd-2.4.60-template/httpd-2.4.60/modules/proxy/balancers'
make[3]: Leaving directory '/home/webwas/education/httpd-2.4.60-template/httpd-2.4.60/modules/proxy/balancers'
make[3]: Entering directory '/home/webwas/education/httpd-2.4.60-template/httpd-2.4.60/modules/arch/unix'
Building shared: mod_unixd.la
make[4]: Entering directory '/home/webwas/education/httpd-2.4.60-template/httpd-2.4.60/modules/arch/unix'
make[4]: Nothing to be done for 'local-shared-build'.
make[4]: Leaving directory '/home/webwas/education/httpd-2.4.60-template/httpd-2.4.60/modules/arch/unix'
make[3]: Leaving directory '/home/webwas/education/httpd-2.4.60-template/httpd-2.4.60/modules/arch/unix'
make[3]: Entering directory '/home/webwas/education/httpd-2.4.60-template/httpd-2.4.60/modules/cluster'
Building shared: mod_heartbeat.la mod_heartmonitor.la
make[4]: Entering directory '/home/webwas/education/httpd-2.4.60-template/httpd-2.4.60/modules/cluster'
make[4]: Nothing to be done for 'local-shared-build'.
make[4]: Leaving directory '/home/webwas/education/httpd-2.4.60-template/httpd-2.4.60/modules/cluster'
make[3]: Leaving directory '/home/webwas/education/httpd-2.4.60-template/httpd-2.4.60/modules/cluster'
make[3]: Entering directory '/home/webwas/education/httpd-2.4.60-template/httpd-2.4.60/modules/dav/main'
Building shared: mod_dav.la
make[4]: Entering directory '/home/webwas/education/httpd-2.4.60-template/httpd-2.4.60/modules/dav/main'
make[4]: Nothing to be done for 'local-shared-build'.
make[4]: Leaving directory '/home/webwas/education/httpd-2.4.60-template/httpd-2.4.60/modules/dav/main'
make[3]: Leaving directory '/home/webwas/education/httpd-2.4.60-template/httpd-2.4.60/modules/dav/main'
make[3]: Entering directory '/home/webwas/education/httpd-2.4.60-template/httpd-2.4.60/modules/generators'
Building shared: mod_status.la mod_autoindex.la mod_asis.la mod_info.la mod_cgid.la
make[4]: Entering directory '/home/webwas/education/httpd-2.4.60-template/httpd-2.4.60/modules/generators'
make[4]: Nothing to be done for 'local-shared-build'.
make[4]: Leaving directory '/home/webwas/education/httpd-2.4.60-template/httpd-2.4.60/modules/generators'
make[3]: Leaving directory '/home/webwas/education/httpd-2.4.60-template/httpd-2.4.60/modules/generators'
make[3]: Entering directory '/home/webwas/education/httpd-2.4.60-template/httpd-2.4.60/modules/dav/fs'
Building shared: mod_dav_fs.la
make[4]: Entering directory '/home/webwas/education/httpd-2.4.60-template/httpd-2.4.60/modules/dav/fs'
make[4]: Nothing to be done for 'local-shared-build'.
make[4]: Leaving directory '/home/webwas/education/httpd-2.4.60-template/httpd-2.4.60/modules/dav/fs'
make[3]: Leaving directory '/home/webwas/education/httpd-2.4.60-template/httpd-2.4.60/modules/dav/fs'
make[3]: Entering directory '/home/webwas/education/httpd-2.4.60-template/httpd-2.4.60/modules/dav/lock'
Building shared: mod_dav_lock.la
make[4]: Entering directory '/home/webwas/education/httpd-2.4.60-template/httpd-2.4.60/modules/dav/lock'
make[4]: Nothing to be done for 'local-shared-build'.
make[4]: Leaving directory '/home/webwas/education/httpd-2.4.60-template/httpd-2.4.60/modules/dav/lock'
make[3]: Leaving directory '/home/webwas/education/httpd-2.4.60-template/httpd-2.4.60/modules/dav/lock'
make[3]: Entering directory '/home/webwas/education/httpd-2.4.60-template/httpd-2.4.60/modules/mappers'
Building shared: mod_vhost_alias.la mod_negotiation.la mod_dir.la mod_actions.la mod_speling.la mod_userdir.la mod_alias.la mod_rewrite.la
make[4]: Entering directory '/home/webwas/education/httpd-2.4.60-template/httpd-2.4.60/modules/mappers'
make[4]: Nothing to be done for 'local-shared-build'.
make[4]: Leaving directory '/home/webwas/education/httpd-2.4.60-template/httpd-2.4.60/modules/mappers'
make[3]: Leaving directory '/home/webwas/education/httpd-2.4.60-template/httpd-2.4.60/modules/mappers'
make[2]: Leaving directory '/home/webwas/education/httpd-2.4.60-template/httpd-2.4.60/modules'
make[2]: Entering directory '/home/webwas/education/httpd-2.4.60-template/httpd-2.4.60/support'
make[2]: Leaving directory '/home/webwas/education/httpd-2.4.60-template/httpd-2.4.60/support'

Installing configuration files
mkdir /software/apache/conf
mkdir /software/apache/conf/extra
mkdir /software/apache/conf/original
mkdir /software/apache/conf/original/extra
Installing HTML documents
mkdir /software/apache/htdocs
Installing error documents
mkdir /software/apache/error
Installing icons
mkdir /software/apache/icons
mkdir /software/apache/logs
Installing CGIs
mkdir /software/apache/cgi-bin
Installing header files
Installing build system files
Installing man pages and online manual
mkdir /software/apache/man
mkdir /software/apache/man/man1
mkdir /software/apache/man/man8
mkdir /software/apache/manual
make[1]: Leaving directory '/home/webwas/education/httpd-2.4.60-template/httpd-2.4.60'
