Making install in common
make[1]: Entering directory '/home/webwas/education/httpd-2.4.60-template/tomcat-connectors-1.2.49-src/native/common'
make[1]: Nothing to be done for 'install'.
make[1]: Leaving directory '/home/webwas/education/httpd-2.4.60-template/tomcat-connectors-1.2.49-src/native/common'
Making install in apache-2.0
make[1]: Entering directory '/home/webwas/education/httpd-2.4.60-template/tomcat-connectors-1.2.49-src/native/apache-2.0'

Installing files to Apache Modules Directory...
/software/apache/bin/apxs -i mod_jk.la
/software/apache/build/instdso.sh SH_LIBTOOL='/software/apache/build/libtool' mod_jk.la /software/apache/modules
/software/apache/build/libtool --mode=install install mod_jk.la /software/apache/modules/
libtool: install: install .libs/mod_jk.so /software/apache/modules/mod_jk.so
libtool: install: install .libs/mod_jk.lai /software/apache/modules/mod_jk.la
libtool: install: install .libs/mod_jk.a /software/apache/modules/mod_jk.a
libtool: install: chmod 644 /software/apache/modules/mod_jk.a
libtool: install: ranlib /software/apache/modules/mod_jk.a
libtool: finish: PATH="/home/webwas/.local/bin:/home/webwas/bin:/usr/local/bin:/usr/bin:/usr/local/sbin:/usr/sbin:/sbin" ldconfig -n /software/apache/modules
----------------------------------------------------------------------
Libraries have been installed in:
   /software/apache/modules

If you ever happen to want to link against installed libraries
in a given directory, LIBDIR, you must either use libtool, and
specify the full pathname of the library, or use the '-LLIBDIR'
flag during linking and do at least one of the following:
   - add LIBDIR to the 'LD_LIBRARY_PATH' environment variable
     during execution
   - add LIBDIR to the 'LD_RUN_PATH' environment variable
     during linking
   - use the '-Wl,-rpath -Wl,LIBDIR' linker flag
   - have your system administrator add LIBDIR to '/etc/ld.so.conf'

See any operating system documentation about shared libraries for
more information, such as the ld(1) and ld.so(8) manual pages.
----------------------------------------------------------------------
chmod 755 /software/apache/modules/mod_jk.so

Please be sure to arrange /software/apache/conf/httpd.conf...

make[1]: Leaving directory '/home/webwas/education/httpd-2.4.60-template/tomcat-connectors-1.2.49-src/native/apache-2.0'
make[1]: Entering directory '/home/webwas/education/httpd-2.4.60-template/tomcat-connectors-1.2.49-src/native'
make[2]: Entering directory '/home/webwas/education/httpd-2.4.60-template/tomcat-connectors-1.2.49-src/native'
make[2]: Nothing to be done for 'install-exec-am'.
make[2]: Nothing to be done for 'install-data-am'.
make[2]: Leaving directory '/home/webwas/education/httpd-2.4.60-template/tomcat-connectors-1.2.49-src/native'
make[1]: Leaving directory '/home/webwas/education/httpd-2.4.60-template/tomcat-connectors-1.2.49-src/native'
