checking build system type... x86_64-pc-linux-gnu
checking host system type... x86_64-pc-linux-gnu
checking target system type... x86_64-pc-linux-gnu
checking for a BSD-compatible install... /usr/bin/install -c
checking whether build environment is sane... yes
checking for a race-free mkdir -p... /usr/bin/mkdir -p
checking for gawk... gawk
checking whether make sets $(MAKE)... yes
checking whether make supports nested variables... yes
checking for test... /usr/bin/test
checking for grep... /usr/bin/grep
checking for echo... /usr/bin/echo
checking for sed... /usr/bin/sed
checking for cp... /usr/bin/cp
checking for mkdir... /usr/bin/mkdir
need to check for Perl first, apxs depends on it...
checking for perl... /usr/bin/perl
APRINCLUDEDIR is  -I/software/apache/include -I/software/apache/include
building connector for "apache-2.0"
checking for gcc... gcc
checking whether the C compiler works... yes
checking for C compiler default output file name... a.out
checking for suffix of executables... 
checking whether we are cross compiling... no
checking for suffix of object files... o
checking whether the compiler supports GNU C... yes
checking whether gcc accepts -g... yes
checking for gcc option to enable C11 features... none needed
checking whether gcc understands -c and -o together... yes
checking whether make supports the include directive... yes (GNU style)
checking dependency style of gcc... none
checking for a sed that does not truncate output... (cached) /usr/bin/sed
checking for grep that handles long lines and -e... (cached) /usr/bin/grep
checking for egrep... /usr/bin/grep -E
checking for fgrep... /usr/bin/grep -F
checking how to print strings... printf
checking for ld used by gcc... /usr/bin/ld
checking if the linker (/usr/bin/ld) is GNU ld... yes
checking for BSD- or MS-compatible name lister (nm)... /usr/bin/nm -B
checking the name lister (/usr/bin/nm -B) interface... BSD nm
checking whether ln -s works... yes
checking the maximum length of command line arguments... 1966080
checking how to convert x86_64-pc-linux-gnu file names to x86_64-pc-linux-gnu format... func_convert_file_noop
checking how to convert x86_64-pc-linux-gnu file names to toolchain format... func_convert_file_noop
checking for /usr/bin/ld option to reload object files... -r
checking for objdump... objdump
checking how to recognize dependent libraries... pass_all
checking for dlltool... no
checking how to associate runtime and link libraries... printf %s\n
checking for ar... ar
checking for archiver @FILE support... @
checking for strip... strip
checking for ranlib... ranlib
checking command to parse /usr/bin/nm -B output from gcc object... ok
checking for sysroot... no
checking for a working dd... /usr/bin/dd
checking how to truncate binary pipes... /usr/bin/dd bs=4096 count=1
checking for mt... no
checking if : is a manifest tool... no
checking for stdio.h... yes
checking for stdlib.h... yes
checking for string.h... yes
checking for inttypes.h... yes
checking for stdint.h... yes
checking for strings.h... yes
checking for sys/stat.h... yes
checking for sys/types.h... yes
checking for unistd.h... yes
checking for dlfcn.h... yes
checking for objdir... .libs
checking if gcc supports -fno-rtti -fno-exceptions... no
checking for gcc option to produce PIC... -fPIC -DPIC
checking if gcc PIC flag -fPIC -DPIC works... yes
checking if gcc static flag -static works... no
checking if gcc supports -c -o file.o... yes
checking if gcc supports -c -o file.o... (cached) yes
checking whether the gcc linker (/usr/bin/ld -m elf_x86_64) supports shared libraries... yes
checking whether -lc should be explicitly linked in... no
checking dynamic linker characteristics... GNU/Linux ld.so
checking how to hardcode library paths into programs... immediate
checking for shl_load... no
checking for shl_load in -ldld... no
checking for dlopen... yes
checking whether a program can dlopen itself... yes
checking whether a statically linked program can dlopen itself... yes
checking whether stripping libraries is possible... yes
checking if libtool supports shared libraries... yes
checking whether to build shared libraries... yes
checking whether to build static libraries... yes
LIBTOOL="/software/apache/build/libtool --silent"
checking size of char... 1
checking size of int... 4
checking size of long... 8
checking size of short... 2
checking size of long double... 16
checking size of long long... 8
checking size of longlong... 0
checking size of pid_t... 4
checking size of pthread_t... 8
checking for snprintf... yes
checking for vsnprintf... yes
checking for flock... yes
checking for setsockopt in -lsocket... no
checking for sys/filio.h... no
checking whether to use SO_RCVTIMEO with setsockopt()... yes
checking whether to use SO_SNDTIMEO with setsockopt()... yes
checking whether to use SOCK_CLOEXEC with socket()... yes
checking for poll.h... yes
checking for poll... yes
checking for netinet/in.h... yes
checking for netdb.h... yes
checking for IPv6 with socket()... yes
checking for struct sockaddr_storage... yes
checking for getaddrinfo... yes
checking for gethostbyname_r... yes
checking whether the compiler provides atomic builtins... yes
checking for target platform... unix
no apache given
checking that generated files are newer than configure... done
configure: creating ./config.status
config.status: creating Makefile
config.status: creating apache-2.0/Makefile
config.status: creating apache-2.0/Makefile.apxs
config.status: creating common/Makefile
config.status: creating common/list.mk
config.status: creating common/jk_types.h
config.status: creating common/config.h
config.status: executing depfiles commands
config.status: executing libtool commands
